[I 2021-04-19 07:25:39.469 ServerApp] jupyterlab | extension was successfully linked.
[I 2021-04-19 07:25:39.691 ServerApp] jupyter_nbextensions_configurator | extension was found and enabled by nbclassic. Consider moving the extension to Jupyter Server's extension paths.
[I 2021-04-19 07:25:39.691 ServerApp] jupyter_nbextensions_configurator | extension was successfully linked.
[I 2021-04-19 07:25:39.691 ServerApp] nbclassic | extension was successfully linked.
[I 2021-04-19 07:25:39.719 ServerApp] The port 8888 is already in use, trying another port.
[I 2021-04-19 07:25:39.720 ServerApp] The port 8889 is already in use, trying another port.
[W 2021-04-19 07:25:39.724 ServerApp] jupyter_nbextensions_configurator | extension failed loading with message: 'nbextensions_path'
[I 2021-04-19 07:25:39.725 LabApp] JupyterLab extension loaded from /Users/othrif/.pyenv/versions/3.8.5/lib/python3.8/site-packages/jupyterlab
[I 2021-04-19 07:25:39.725 LabApp] JupyterLab application directory is /Users/othrif/.pyenv/versions/3.8.5/share/jupyter/lab
[I 2021-04-19 07:25:39.728 ServerApp] jupyterlab | extension was successfully loaded.
[I 2021-04-19 07:25:39.732 ServerApp] nbclassic | extension was successfully loaded.
[I 2021-04-19 07:25:39.732 ServerApp] Serving notebooks from local directory: /Users/othrif/github/notes/content
[I 2021-04-19 07:25:39.732 ServerApp] Jupyter Server 1.4.1 is running at:
[I 2021-04-19 07:25:39.732 ServerApp] http://localhost:8890/lab?token=bcae1e756a3931c43dde679a50710cb247f2cfb496a4db20
[I 2021-04-19 07:25:39.732 ServerApp]  or http://127.0.0.1:8890/lab?token=bcae1e756a3931c43dde679a50710cb247f2cfb496a4db20
[I 2021-04-19 07:25:39.732 ServerApp] Use Control-C to stop this server and shut down all kernels (twice to skip confirmation).
[C 2021-04-19 07:25:39.743 ServerApp] 
    
    To access the server, open this file in a browser:
        file:///Users/othrif/Library/Jupyter/runtime/jpserver-4758-open.html
    Or copy and paste one of these URLs:
        http://localhost:8890/lab?token=bcae1e756a3931c43dde679a50710cb247f2cfb496a4db20
     or http://127.0.0.1:8890/lab?token=bcae1e756a3931c43dde679a50710cb247f2cfb496a4db20
[I 2021-04-19 07:25:43.874 LabApp] Build is up to date
-\|/[I 2021-04-19 08:33:48.317 ServerApp] Kernel started: e246c542-c482-4621-bf9d-e242a2bf117a
[I 2021-04-19 08:33:50.305 ServerApp] Copying machine_learning/scikitlearn/knn.ipynb to /machine_learning/scikitlearn
[W 2021-04-19 08:33:51.852 ServerApp] Got events for closed stream None
[I 2021-04-19 08:41:14.774 ServerApp] Kernel started: eac08d90-ca4d-4d58-808e-d41b0526c690
[I 2021-04-19 08:41:17.069 ServerApp] Kernel started: df493b87-5355-436a-a5b2-2025b15bb082
[I 2021-04-19 08:41:19.030 ServerApp] Kernel started: 72316ac7-271e-4692-938d-15d3764e523d
[I 2021-04-19 08:41:21.920 ServerApp] Copying machine_learning/scikitlearn/scaling.ipynb to /machine_learning/scikitlearn
[I 2021-04-19 08:41:31.954 ServerApp] Kernel started: 98be9d10-4574-46d5-b963-7c2e7aa0f7d0
[I 2021-04-19 08:41:33.232 ServerApp] Starting buffering for eac08d90-ca4d-4d58-808e-d41b0526c690:befad1f4-09cf-4927-a79c-7e91fbc2d36f
[I 2021-04-19 08:41:33.620 ServerApp] Starting buffering for df493b87-5355-436a-a5b2-2025b15bb082:e5c553bb-39be-4dad-8c41-a7795f8e5e75
[I 2021-04-19 08:41:34.177 ServerApp] Starting buffering for 72316ac7-271e-4692-938d-15d3764e523d:5cdc1d24-0cd4-4cdf-b416-a619e03543c0
[I 2021-04-19 08:41:47.466 ServerApp] Kernel started: 860aade1-37aa-4993-92f0-3cacc367d17e
[I 2021-04-19 08:41:49.367 ServerApp] Copying python/numpy/where.ipynb to /python/numpy
[I 2021-04-19 08:41:55.561 ServerApp] Kernel started: bd485f61-fc1a-4ba8-90b9-7553fbac7ac7
[I 2021-04-19 08:41:56.592 ServerApp] Starting buffering for 860aade1-37aa-4993-92f0-3cacc367d17e:583a6095-2030-4194-b0cd-fcd86f0a2d15
[I 2021-04-19 08:43:55.514 ServerApp] Saving file at /python/numpy/cumsum.ipynb
[I 2021-04-19 08:45:25.617 ServerApp] Saving file at /python/numpy/cumsum.ipynb
[I 2021-04-19 08:45:42.025 ServerApp] Copying python/numpy/cumsum.ipynb to /python/numpy
[I 2021-04-19 08:45:53.583 ServerApp] Kernel started: 34f99d0f-6d2f-4f93-bcef-27f3dc63a3c8
[I 2021-04-19 08:45:54.593 ServerApp] Starting buffering for bd485f61-fc1a-4ba8-90b9-7553fbac7ac7:e4a7dc37-2f6c-4024-bf5e-ed335d505b35
[I 2021-04-19 08:47:53.516 ServerApp] Saving file at /python/numpy/cov_eigen.ipynb
[I 2021-04-19 08:49:53.549 ServerApp] Saving file at /python/numpy/cov_eigen.ipynb
[I 2021-04-19 08:51:53.585 ServerApp] Saving file at /python/numpy/cov_eigen.ipynb
[I 2021-04-19 08:52:08.940 ServerApp] Saving file at /python/numpy/cov_eigen.ipynb
[I 2021-04-19 08:54:08.973 ServerApp] Saving file at /python/numpy/cov_eigen.ipynb
[I 2021-04-19 08:56:09.022 ServerApp] Saving file at /python/numpy/cov_eigen.ipynb
[I 2021-04-19 08:58:09.055 ServerApp] Saving file at /python/numpy/cov_eigen.ipynb
[I 2021-04-19 08:58:54.523 ServerApp] Saving file at /python/numpy/cov_eigen.ipynb
[I 2021-04-19 08:58:56.775 ServerApp] Saving file at /python/numpy/cov_eigen.ipynb
[I 2021-04-19 08:59:31.867 ServerApp] Saving file at /machine_learning/scikitlearn/pca.ipynb
[I 2021-04-19 09:01:31.905 ServerApp] Saving file at /machine_learning/scikitlearn/pca.ipynb
[I 2021-04-19 09:03:32.578 ServerApp] Saving file at /machine_learning/scikitlearn/pca.ipynb
[I 2021-04-19 09:06:26.068 ServerApp] Starting buffering for e246c542-c482-4621-bf9d-e242a2bf117a:010342ab-1c4d-445b-9bb0-d45e7946696e
[I 2021-04-19 09:06:26.069 ServerApp] Starting buffering for 34f99d0f-6d2f-4f93-bcef-27f3dc63a3c8:efefc1f4-27d5-4c0c-b3c2-a0de243010ca
[I 2021-04-19 09:06:26.069 ServerApp] Starting buffering for 98be9d10-4574-46d5-b963-7c2e7aa0f7d0:7c8db534-6384-46ed-9e6b-510bc497961d
